Flow report for TopLevel
Tue Feb 06 13:58:24 2018
Quartus Prime Version 17.1.0 Build 590 10/25/2017 SJ Standard Edition


---------------------
; Table of Contents ;
---------------------
  1. Legal Notice
  2. Flow Summary
  3. Flow Settings
  4. Flow Non-Default Global Settings
  5. Flow Elapsed Time
  6. Flow OS Summary
  7. Flow Log
  8. Flow Messages
  9. Flow Suppressed Messages



----------------
; Legal Notice ;
----------------
Copyright (C) 2017  Intel Corporation. All rights reserved.
Your use of Intel Corporation's design tools, logic functions 
and other software and tools, and its AMPP partner logic 
functions, and any output files from any of the foregoing 
(including device programming or simulation files), and any 
associated documentation or information are expressly subject 
to the terms and conditions of the Intel Program License 
Subscription Agreement, the Intel Quartus Prime License Agreement,
the Intel FPGA IP License Agreement, or other applicable license
agreement, including, without limitation, that your use is for
the sole purpose of programming logic devices manufactured by
Intel and sold by Intel or its authorized distributors.  Please
refer to the applicable agreement for further details.



+-----------------------------------------------------------------------------------+
; Flow Summary                                                                      ;
+---------------------------------+-------------------------------------------------+
; Flow Status                     ; Successful - Tue Feb 06 13:58:13 2018           ;
; Quartus Prime Version           ; 17.1.0 Build 590 10/25/2017 SJ Standard Edition ;
; Revision Name                   ; TopLevel                                        ;
; Top-level Entity Name           ; TopLevel                                        ;
; Family                          ; Cyclone V                                       ;
; Device                          ; 5CSEMA5F31C6                                    ;
; Timing Models                   ; Final                                           ;
; Logic utilization (in ALMs)     ; 965 / 32,070 ( 3 % )                            ;
; Total registers                 ; 1480                                            ;
; Total pins                      ; 24 / 457 ( 5 % )                                ;
; Total virtual pins              ; 0                                               ;
; Total block memory bits         ; 192,384 / 4,065,280 ( 5 % )                     ;
; Total DSP Blocks                ; 0 / 87 ( 0 % )                                  ;
; Total HSSI RX PCSs              ; 0                                               ;
; Total HSSI PMA RX Deserializers ; 0                                               ;
; Total HSSI TX PCSs              ; 0                                               ;
; Total HSSI PMA TX Serializers   ; 0                                               ;
; Total PLLs                      ; 0 / 6 ( 0 % )                                   ;
; Total DLLs                      ; 0 / 4 ( 0 % )                                   ;
+---------------------------------+-------------------------------------------------+


+-----------------------------------------+
; Flow Settings                           ;
+-------------------+---------------------+
; Option            ; Setting             ;
+-------------------+---------------------+
; Start date & time ; 02/06/2018 13:55:28 ;
; Main task         ; Compilation         ;
; Revision Name     ; TopLevel            ;
+-------------------+---------------------+


+----------------------------------------------------------------------------------------------------------------------------------------------+
; Flow Non-Default Global Settings                                                                                                             ;
+-------------------------------------+-------------------------------------------------------------+---------------+-------------+------------+
; Assignment Name                     ; Value                                                       ; Default Value ; Entity Name ; Section Id ;
+-------------------------------------+-------------------------------------------------------------+---------------+-------------+------------+
; COMPILER_SIGNATURE_ID               ; 273440549242266.151795412814884                             ; --            ; --          ; --         ;
; MAX_CORE_JUNCTION_TEMP              ; 85                                                          ; --            ; --          ; --         ;
; MIN_CORE_JUNCTION_TEMP              ; 0                                                           ; --            ; --          ; --         ;
; MISC_FILE                           ; processor/synthesis/../processor.cmp                        ; --            ; --          ; --         ;
; MISC_FILE                           ; processor/synthesis/../../processor.qsys                    ; --            ; --          ; --         ;
; PARTITION_COLOR                     ; -- (Not supported for targeted family)                      ; --            ; --          ; Top        ;
; PARTITION_FITTER_PRESERVATION_LEVEL ; -- (Not supported for targeted family)                      ; --            ; --          ; Top        ;
; PARTITION_NETLIST_TYPE              ; -- (Not supported for targeted family)                      ; --            ; --          ; Top        ;
; POWER_BOARD_THERMAL_MODEL           ; None (CONSERVATIVE)                                         ; --            ; --          ; --         ;
; POWER_PRESET_COOLING_SOLUTION       ; 23 MM HEAT SINK WITH 200 LFPM AIRFLOW                       ; --            ; --          ; --         ;
; PROJECT_OUTPUT_DIRECTORY            ; output_files                                                ; --            ; --          ; --         ;
; SLD_FILE                            ; processor/synthesis/processor.regmap                        ; --            ; --          ; --         ;
; SLD_FILE                            ; processor/synthesis/processor.debuginfo                     ; --            ; --          ; --         ;
; SLD_INFO                            ; QSYS_NAME processor HAS_SOPCINFO 1 GENERATION_ID 1517953265 ; --            ; processor   ; --         ;
; SOPCINFO_FILE                       ; processor/synthesis/../../processor.sopcinfo                ; --            ; --          ; --         ;
; SYNTHESIS_ONLY_QIP                  ; On                                                          ; --            ; --          ; --         ;
+-------------------------------------+-------------------------------------------------------------+---------------+-------------+------------+


+-------------------------------------------------------------------------------------------------------------------------------+
; Flow Elapsed Time                                                                                                             ;
+---------------------------+--------------+-------------------------+---------------------+------------------------------------+
; Module Name               ; Elapsed Time ; Average Processors Used ; Peak Virtual Memory ; Total CPU Time (on all processors) ;
+---------------------------+--------------+-------------------------+---------------------+------------------------------------+
; Analysis & Synthesis      ; 00:00:39     ; 1.0                     ; 921 MB              ; 00:01:10                           ;
; Fitter                    ; 00:01:51     ; 1.1                     ; 2725 MB             ; 00:03:20                           ;
; Assembler                 ; 00:00:10     ; 1.0                     ; 799 MB              ; 00:00:09                           ;
; TimeQuest Timing Analyzer ; 00:00:10     ; 1.7                     ; 1132 MB             ; 00:00:15                           ;
; Total                     ; 00:02:50     ; --                      ; --                  ; 00:04:54                           ;
+---------------------------+--------------+-------------------------+---------------------+------------------------------------+


+-----------------------------------------------------------------------------------------+
; Flow OS Summary                                                                         ;
+---------------------------+------------------+------------+------------+----------------+
; Module Name               ; Machine Hostname ; OS Name    ; OS Version ; Processor type ;
+---------------------------+------------------+------------+------------+----------------+
; Analysis & Synthesis      ; EE-137PC16       ; Windows 10 ; 10.0       ; x86_64         ;
; Fitter                    ; EE-137PC16       ; Windows 10 ; 10.0       ; x86_64         ;
; Assembler                 ; EE-137PC16       ; Windows 10 ; 10.0       ; x86_64         ;
; TimeQuest Timing Analyzer ; EE-137PC16       ; Windows 10 ; 10.0       ; x86_64         ;
+---------------------------+------------------+------------+------------+----------------+


------------
; Flow Log ;
------------
quartus_map --read_settings_files=on --write_settings_files=off TopLevel -c TopLevel
quartus_fit --read_settings_files=off --write_settings_files=off TopLevel -c TopLevel
quartus_asm --read_settings_files=off --write_settings_files=off TopLevel -c TopLevel
quartus_sta TopLevel -c TopLevel



