14:45:06 **** Incremental Build of configuration Nios II for project lights ****
make all 
Info: Building ../lights_bsp/
C:/intelFPGA/17.1/nios2eds/bin/gnu/H-x86_64-mingw32/bin/make --no-print-directory -C ../lights_bsp/
[BSP build complete]
Info: Compiling lights.c to obj/default/lights.o
nios2-elf-gcc -xc -MP -MMD -c -I../lights_bsp//HAL/inc -I../lights_bsp/ -I../lights_bsp//drivers/inc  -pipe -D__hal__ -DALT_NO_C_PLUS_PLUS -DALT_NO_INSTRUCTION_EMULATION -DALT_USE_SMALL_DRIVERS -DSMALL_C_LIB -DALT_SINGLE_THREADED    -O0 -g -Wall   -mno-hw-div -mno-hw-mul -mno-hw-mulx -mgpopt=global  -o obj/default/lights.o lights.c
lights.c:10:6: warning: return type of 'main' is not 'int' [-Wmain]
 void main(){
      ^
Info: Linking lights.elf
nios2-elf-g++  -T'../lights_bsp//linker.x' -msys-crt0='../lights_bsp//obj/HAL/src/crt0.o' -msys-lib=hal_bsp -L../lights_bsp/  -msmallc  -Wl,-Map=lights.map   -O0 -g -Wall   -mno-hw-div -mno-hw-mul -mno-hw-mulx -mgpopt=global  -o lights.elf obj/default/lights.o -lm -msys-lib=m
nios2-elf-insert lights.elf --thread_model hal --cpu_name cpu --qsys true --simulation_enabled false --id 0 --sidp 0x11040 --timestamp 1517953265 --stderr_dev jtag_uart --stdin_dev jtag_uart --stdout_dev jtag_uart --sopc_system_name processor --quartus_project_dir "C:/Users/alexrkas/Desktop/Lab3" --jdi ../..//output_files/TopLevel.jdi --sopcinfo C:/Users/alexrkas/Desktop/Lab3/software/lights_bsp/../../processor.sopcinfo
Info: (lights.elf) 10156 Bytes program size (code + initialized data).
Info:              9588 Bytes free for stack + heap.
Info: Creating lights.objdump
nios2-elf-objdump --disassemble --syms --all-header --source lights.elf >lights.objdump
[lights build complete]
14:45:17 **** Build of configuration Nios II for project lights ****
make all 
Info: Building ../lights_bsp/
C:/intelFPGA/17.1/nios2eds/bin/gnu/H-x86_64-mingw32/bin/make --no-print-directory -C ../lights_bsp/
[BSP build complete]
[lights build complete]
14:45:19 **** Incremental Build of configuration Nios II for project lights ****
make all 
Info: Building ../lights_bsp/
C:/intelFPGA/17.1/nios2eds/bin/gnu/H-x86_64-mingw32/bin/make --no-print-directory -C ../lights_bsp/
[BSP build complete]
[lights build complete]
