Analysis & Synthesis report for networkHardware
Sun Mar 04 22:33:24 2018
Quartus Prime Version 17.1.0 Build 590 10/25/2017 SJ Standard Edition


---------------------
; Table of Contents ;
---------------------
  1. Legal Notice
  2. Analysis & Synthesis Summary
  3. Analysis & Synthesis Settings
  4. Parallel Compilation
  5. Analysis & Synthesis Source Files Read
  6. Analysis & Synthesis Resource Usage Summary
  7. Analysis & Synthesis Resource Utilization by Entity
  8. Registers Removed During Synthesis
  9. General Register Statistics
 10. Multiplexer Restructuring Statistics (Restructuring Performed)
 11. Port Connectivity Checks: "networkHardware:UART|bitIdentifierCount:inDataBIC"
 12. Post-Synthesis Netlist Statistics for Top Partition
 13. Elapsed Time Per Partition
 14. Analysis & Synthesis Messages



----------------
; Legal Notice ;
----------------
Copyright (C) 2017  Intel Corporation. All rights reserved.
Your use of Intel Corporation's design tools, logic functions 
and other software and tools, and its AMPP partner logic 
functions, and any output files from any of the foregoing 
(including device programming or simulation files), and any 
associated documentation or information are expressly subject 
to the terms and conditions of the Intel Program License 
Subscription Agreement, the Intel Quartus Prime License Agreement,
the Intel FPGA IP License Agreement, or other applicable license
agreement, including, without limitation, that your use is for
the sole purpose of programming logic devices manufactured by
Intel and sold by Intel or its authorized distributors.  Please
refer to the applicable agreement for further details.



+-----------------------------------------------------------------------------------+
; Analysis & Synthesis Summary                                                      ;
+---------------------------------+-------------------------------------------------+
; Analysis & Synthesis Status     ; Successful - Sun Mar 04 22:33:24 2018           ;
; Quartus Prime Version           ; 17.1.0 Build 590 10/25/2017 SJ Standard Edition ;
; Revision Name                   ; networkHardware                                 ;
; Top-level Entity Name           ; topLevel                                        ;
; Family                          ; Cyclone V                                       ;
; Logic utilization (in ALMs)     ; N/A                                             ;
; Total registers                 ; 86                                              ;
; Total pins                      ; 25                                              ;
; Total virtual pins              ; 0                                               ;
; Total block memory bits         ; 0                                               ;
; Total DSP Blocks                ; 0                                               ;
; Total HSSI RX PCSs              ; 0                                               ;
; Total HSSI PMA RX Deserializers ; 0                                               ;
; Total HSSI TX PCSs              ; 0                                               ;
; Total HSSI PMA TX Serializers   ; 0                                               ;
; Total PLLs                      ; 0                                               ;
; Total DLLs                      ; 0                                               ;
+---------------------------------+-------------------------------------------------+


+---------------------------------------------------------------------------------------------------------------------------+
; Analysis & Synthesis Settings                                                                                             ;
+---------------------------------------------------------------------------------+--------------------+--------------------+
; Option                                                                          ; Setting            ; Default Value      ;
+---------------------------------------------------------------------------------+--------------------+--------------------+
; Device                                                                          ; 5CSEMA5F31C6       ;                    ;
; Top-level entity name                                                           ; topLevel           ; networkHardware    ;
; Family name                                                                     ; Cyclone V          ; Cyclone V          ;
; Use smart compilation                                                           ; Off                ; Off                ;
; Enable parallel Assembler and TimeQuest Timing Analyzer during compilation      ; On                 ; On                 ;
; Enable compact report table                                                     ; Off                ; Off                ;
; Restructure Multiplexers                                                        ; Auto               ; Auto               ;
; MLAB Add Timing Constraints For Mixed-Port Feed-Through Mode Setting Don't Care ; Off                ; Off                ;
; Create Debugging Nodes for IP Cores                                             ; Off                ; Off                ;
; Preserve fewer node names                                                       ; On                 ; On                 ;
; Intel FPGA IP Evaluation Mode                                                   ; Enable             ; Enable             ;
; Verilog Version                                                                 ; Verilog_2001       ; Verilog_2001       ;
; VHDL Version                                                                    ; VHDL_1993          ; VHDL_1993          ;
; State Machine Processing                                                        ; Auto               ; Auto               ;
; Safe State Machine                                                              ; Off                ; Off                ;
; Extract Verilog State Machines                                                  ; On                 ; On                 ;
; Extract VHDL State Machines                                                     ; On                 ; On                 ;
; Ignore Verilog initial constructs                                               ; Off                ; Off                ;
; Iteration limit for constant Verilog loops                                      ; 5000               ; 5000               ;
; Iteration limit for non-constant Verilog loops                                  ; 250                ; 250                ;
; Add Pass-Through Logic to Inferred RAMs                                         ; On                 ; On                 ;
; Infer RAMs from Raw Logic                                                       ; On                 ; On                 ;
; Parallel Synthesis                                                              ; On                 ; On                 ;
; DSP Block Balancing                                                             ; Auto               ; Auto               ;
; NOT Gate Push-Back                                                              ; On                 ; On                 ;
; Power-Up Don't Care                                                             ; On                 ; On                 ;
; Remove Redundant Logic Cells                                                    ; Off                ; Off                ;
; Remove Duplicate Registers                                                      ; On                 ; On                 ;
; Ignore CARRY Buffers                                                            ; Off                ; Off                ;
; Ignore CASCADE Buffers                                                          ; Off                ; Off                ;
; Ignore GLOBAL Buffers                                                           ; Off                ; Off                ;
; Ignore ROW GLOBAL Buffers                                                       ; Off                ; Off                ;
; Ignore LCELL Buffers                                                            ; Off                ; Off                ;
; Ignore SOFT Buffers                                                             ; On                 ; On                 ;
; Limit AHDL Integers to 32 Bits                                                  ; Off                ; Off                ;
; Optimization Technique                                                          ; Balanced           ; Balanced           ;
; Carry Chain Length                                                              ; 70                 ; 70                 ;
; Auto Carry Chains                                                               ; On                 ; On                 ;
; Auto Open-Drain Pins                                                            ; On                 ; On                 ;
; Perform WYSIWYG Primitive Resynthesis                                           ; Off                ; Off                ;
; Auto ROM Replacement                                                            ; On                 ; On                 ;
; Auto RAM Replacement                                                            ; On                 ; On                 ;
; Auto DSP Block Replacement                                                      ; On                 ; On                 ;
; Auto Shift Register Replacement                                                 ; Auto               ; Auto               ;
; Allow Shift Register Merging across Hierarchies                                 ; Auto               ; Auto               ;
; Auto Clock Enable Replacement                                                   ; On                 ; On                 ;
; Strict RAM Replacement                                                          ; Off                ; Off                ;
; Allow Synchronous Control Signals                                               ; On                 ; On                 ;
; Force Use of Synchronous Clear Signals                                          ; Off                ; Off                ;
; Auto Resource Sharing                                                           ; Off                ; Off                ;
; Allow Any RAM Size For Recognition                                              ; Off                ; Off                ;
; Allow Any ROM Size For Recognition                                              ; Off                ; Off                ;
; Allow Any Shift Register Size For Recognition                                   ; Off                ; Off                ;
; Use LogicLock Constraints during Resource Balancing                             ; On                 ; On                 ;
; Ignore translate_off and synthesis_off directives                               ; Off                ; Off                ;
; Timing-Driven Synthesis                                                         ; On                 ; On                 ;
; Report Parameter Settings                                                       ; On                 ; On                 ;
; Report Source Assignments                                                       ; On                 ; On                 ;
; Report Connectivity Checks                                                      ; On                 ; On                 ;
; Ignore Maximum Fan-Out Assignments                                              ; Off                ; Off                ;
; Synchronization Register Chain Length                                           ; 3                  ; 3                  ;
; Power Optimization During Synthesis                                             ; Normal compilation ; Normal compilation ;
; HDL message level                                                               ; Level2             ; Level2             ;
; Suppress Register Optimization Related Messages                                 ; Off                ; Off                ;
; Number of Removed Registers Reported in Synthesis Report                        ; 5000               ; 5000               ;
; Number of Swept Nodes Reported in Synthesis Report                              ; 5000               ; 5000               ;
; Number of Inverted Registers Reported in Synthesis Report                       ; 100                ; 100                ;
; Clock MUX Protection                                                            ; On                 ; On                 ;
; Auto Gated Clock Conversion                                                     ; Off                ; Off                ;
; Block Design Naming                                                             ; Auto               ; Auto               ;
; SDC constraint protection                                                       ; Off                ; Off                ;
; Synthesis Effort                                                                ; Auto               ; Auto               ;
; Shift Register Replacement - Allow Asynchronous Clear Signal                    ; On                 ; On                 ;
; Pre-Mapping Resynthesis Optimization                                            ; Off                ; Off                ;
; Analysis & Synthesis Message Level                                              ; Medium             ; Medium             ;
; Disable Register Merging Across Hierarchies                                     ; Auto               ; Auto               ;
; Resource Aware Inference For Block RAM                                          ; On                 ; On                 ;
; Automatic Parallel Synthesis                                                    ; On                 ; On                 ;
; Partial Reconfiguration Bitstream ID                                            ; Off                ; Off                ;
+---------------------------------------------------------------------------------+--------------------+--------------------+


+------------------------------------------+
; Parallel Compilation                     ;
+----------------------------+-------------+
; Processors                 ; Number      ;
+----------------------------+-------------+
; Number detected on machine ; 8           ;
; Maximum allowed            ; 4           ;
;                            ;             ;
; Average used               ; 1.00        ;
; Maximum used               ; 4           ;
;                            ;             ;
; Usage by Processor         ; % Time Used ;
;     Processor 1            ; 100.0%      ;
;     Processor 2            ;   0.0%      ;
;     Processors 3-4         ;   0.0%      ;
+----------------------------+-------------+


+---------------------------------------------------------------------------------------------------------------------------------------------------+
; Analysis & Synthesis Source Files Read                                                                                                            ;
+----------------------------------+-----------------+------------------------+-----------------------------------------------------------+---------+
; File Name with User-Entered Path ; Used in Netlist ; File Type              ; File Name with Absolute Path                              ; Library ;
+----------------------------------+-----------------+------------------------+-----------------------------------------------------------+---------+
; keyHolder.v                      ; yes             ; User Verilog HDL File  ; C:/Users/alexrkas/Desktop/EE371/Lab4/keyHolder.v          ;         ;
; s2p.v                            ; yes             ; User Verilog HDL File  ; C:/Users/alexrkas/Desktop/EE371/Lab4/s2p.v                ;         ;
; p2s.v                            ; yes             ; User Verilog HDL File  ; C:/Users/alexrkas/Desktop/EE371/Lab4/p2s.v                ;         ;
; networkHardware.v                ; yes             ; User Verilog HDL File  ; C:/Users/alexrkas/Desktop/EE371/Lab4/networkHardware.v    ;         ;
; bitSampleCount.v                 ; yes             ; User Verilog HDL File  ; C:/Users/alexrkas/Desktop/EE371/Lab4/bitSampleCount.v     ;         ;
; bitIdentifierCount.v             ; yes             ; User Verilog HDL File  ; C:/Users/alexrkas/Desktop/EE371/Lab4/bitIdentifierCount.v ;         ;
; startBitDetect.v                 ; yes             ; User Verilog HDL File  ; C:/Users/alexrkas/Desktop/EE371/Lab4/startBitDetect.v     ;         ;
; topLevel.v                       ; yes             ; User Verilog HDL File  ; C:/Users/alexrkas/Desktop/EE371/Lab4/topLevel.v           ;         ;
; loadHolder.v                     ; yes             ; User Verilog HDL File  ; C:/Users/alexrkas/Desktop/EE371/Lab4/loadHolder.v         ;         ;
+----------------------------------+-----------------+------------------------+-----------------------------------------------------------+---------+


+---------------------------------------------------------------+
; Analysis & Synthesis Resource Usage Summary                   ;
+---------------------------------------------+-----------------+
; Resource                                    ; Usage           ;
+---------------------------------------------+-----------------+
; Estimate of Logic utilization (ALMs needed) ; 51              ;
;                                             ;                 ;
; Combinational ALUT usage for logic          ; 87              ;
;     -- 7 input functions                    ; 0               ;
;     -- 6 input functions                    ; 13              ;
;     -- 5 input functions                    ; 12              ;
;     -- 4 input functions                    ; 21              ;
;     -- <=3 input functions                  ; 41              ;
;                                             ;                 ;
; Dedicated logic registers                   ; 86              ;
;                                             ;                 ;
; I/O pins                                    ; 25              ;
;                                             ;                 ;
; Total DSP Blocks                            ; 0               ;
;                                             ;                 ;
; Maximum fan-out node                        ; controlledClock ;
; Maximum fan-out                             ; 37              ;
; Total fan-out                               ; 578             ;
; Average fan-out                             ; 2.59            ;
+---------------------------------------------+-----------------+


+---------------------------------------------------------------------------------------------------------------------------------------------------------------------------------------------------------------------------------------------------+
; Analysis & Synthesis Resource Utilization by Entity                                                                                                                                                                                               ;
+---------------------------------------+---------------------+---------------------------+-------------------+------------+------+--------------+--------------------------------------------------------------+--------------------+--------------+
; Compilation Hierarchy Node            ; Combinational ALUTs ; Dedicated Logic Registers ; Block Memory Bits ; DSP Blocks ; Pins ; Virtual Pins ; Full Hierarchy Name                                          ; Entity Name        ; Library Name ;
+---------------------------------------+---------------------+---------------------------+-------------------+------------+------+--------------+--------------------------------------------------------------+--------------------+--------------+
; |topLevel                             ; 87 (43)             ; 86 (33)                   ; 0                 ; 0          ; 25   ; 0            ; |topLevel                                                    ; topLevel           ; work         ;
;    |keyHolder:loadKey|                ; 1 (1)               ; 1 (1)                     ; 0                 ; 0          ; 0    ; 0            ; |topLevel|keyHolder:loadKey                                  ; keyHolder          ; work         ;
;    |keyHolder:resetKey|               ; 1 (1)               ; 1 (1)                     ; 0                 ; 0          ; 0    ; 0            ; |topLevel|keyHolder:resetKey                                 ; keyHolder          ; work         ;
;    |networkHardware:UART|             ; 42 (0)              ; 51 (0)                    ; 0                 ; 0          ; 0    ; 0            ; |topLevel|networkHardware:UART                               ; networkHardware    ; work         ;
;       |bitIdentifierCount:inDataBIC|  ; 7 (7)               ; 5 (5)                     ; 0                 ; 0          ; 0    ; 0            ; |topLevel|networkHardware:UART|bitIdentifierCount:inDataBIC  ; bitIdentifierCount ; work         ;
;       |bitIdentifierCount:outDataBIC| ; 10 (10)             ; 5 (5)                     ; 0                 ; 0          ; 0    ; 0            ; |topLevel|networkHardware:UART|bitIdentifierCount:outDataBIC ; bitIdentifierCount ; work         ;
;       |bitSampleCount:inDataBSC|      ; 5 (5)               ; 5 (5)                     ; 0                 ; 0          ; 0    ; 0            ; |topLevel|networkHardware:UART|bitSampleCount:inDataBSC      ; bitSampleCount     ; work         ;
;       |bitSampleCount:outDataBSC|     ; 5 (5)               ; 5 (5)                     ; 0                 ; 0          ; 0    ; 0            ; |topLevel|networkHardware:UART|bitSampleCount:outDataBSC     ; bitSampleCount     ; work         ;
;       |loadHolder:holdLoad|           ; 2 (2)               ; 2 (2)                     ; 0                 ; 0          ; 0    ; 0            ; |topLevel|networkHardware:UART|loadHolder:holdLoad           ; loadHolder         ; work         ;
;       |p2s:dataOut|                   ; 12 (12)             ; 11 (11)                   ; 0                 ; 0          ; 0    ; 0            ; |topLevel|networkHardware:UART|p2s:dataOut                   ; p2s                ; work         ;
;       |s2p:dataIn|                    ; 0 (0)               ; 17 (17)                   ; 0                 ; 0          ; 0    ; 0            ; |topLevel|networkHardware:UART|s2p:dataIn                    ; s2p                ; work         ;
;       |startBitDetect:detector|       ; 1 (1)               ; 1 (1)                     ; 0                 ; 0          ; 0    ; 0            ; |topLevel|networkHardware:UART|startBitDetect:detector       ; startBitDetect     ; work         ;
+---------------------------------------+---------------------+---------------------------+-------------------+------------+------+--------------+--------------------------------------------------------------+--------------------+--------------+
Note: For table entries with two numbers listed, the numbers in parentheses indicate the number of resources of the given type used by the specific entity alone. The numbers listed outside of parentheses indicate the total resources of the given type used by the specific entity and all of its sub-entities in the hierarchy.


+-----------------------------------------------------------------------------------------+
; Registers Removed During Synthesis                                                      ;
+------------------------------------------------+----------------------------------------+
; Register name                                  ; Reason for Removal                     ;
+------------------------------------------------+----------------------------------------+
; networkHardware:UART|p2s:dataOut|loadBuffer[0] ; Stuck at VCC due to stuck port data_in ;
; Total Number of Removed Registers = 1          ;                                        ;
+------------------------------------------------+----------------------------------------+


+------------------------------------------------------+
; General Register Statistics                          ;
+----------------------------------------------+-------+
; Statistic                                    ; Value ;
+----------------------------------------------+-------+
; Total registers                              ; 86    ;
; Number of registers using Synchronous Clear  ; 36    ;
; Number of registers using Synchronous Load   ; 9     ;
; Number of registers using Asynchronous Clear ; 0     ;
; Number of registers using Asynchronous Load  ; 0     ;
; Number of registers using Clock Enable       ; 17    ;
; Number of registers using Preset             ; 0     ;
+----------------------------------------------+-------+


+----------------------------------------------------------------------------------------------------------------------------------------------------------------------------------------+
; Multiplexer Restructuring Statistics (Restructuring Performed)                                                                                                                         ;
+--------------------+-----------+---------------+----------------------+------------------------+------------+--------------------------------------------------------------------------+
; Multiplexer Inputs ; Bus Width ; Baseline Area ; Area if Restructured ; Saving if Restructured ; Registered ; Example Multiplexer Output                                               ;
+--------------------+-----------+---------------+----------------------+------------------------+------------+--------------------------------------------------------------------------+
; 3:1                ; 5 bits    ; 10 LEs        ; 10 LEs               ; 0 LEs                  ; Yes        ; |topLevel|networkHardware:UART|bitSampleCount:inDataBSC|clockControl     ;
; 3:1                ; 5 bits    ; 10 LEs        ; 10 LEs               ; 0 LEs                  ; Yes        ; |topLevel|networkHardware:UART|bitSampleCount:outDataBSC|count[2]        ;
; 3:1                ; 32 bits   ; 64 LEs        ; 0 LEs                ; 64 LEs                 ; Yes        ; |topLevel|counter[12]                                                    ;
; 4:1                ; 4 bits    ; 8 LEs         ; 8 LEs                ; 0 LEs                  ; Yes        ; |topLevel|networkHardware:UART|bitIdentifierCount:inDataBIC|bitCount[3]  ;
; 4:1                ; 8 bits    ; 16 LEs        ; 16 LEs               ; 0 LEs                  ; Yes        ; |topLevel|networkHardware:UART|p2s:dataOut|loadBuffer[7]                 ;
; 5:1                ; 4 bits    ; 12 LEs        ; 8 LEs                ; 4 LEs                  ; Yes        ; |topLevel|networkHardware:UART|bitIdentifierCount:outDataBIC|bitCount[2] ;
+--------------------+-----------+---------------+----------------------+------------------------+------------+--------------------------------------------------------------------------+


+-------------------------------------------------------------------------------+
; Port Connectivity Checks: "networkHardware:UART|bitIdentifierCount:inDataBIC" ;
+------+-------+----------+-----------------------------------------------------+
; Port ; Type  ; Severity ; Details                                             ;
+------+-------+----------+-----------------------------------------------------+
; load ; Input ; Info     ; Stuck at VCC                                        ;
+------+-------+----------+-----------------------------------------------------+


+-----------------------------------------------------+
; Post-Synthesis Netlist Statistics for Top Partition ;
+-----------------------+-----------------------------+
; Type                  ; Count                       ;
+-----------------------+-----------------------------+
; arriav_ff             ; 86                          ;
;     ENA               ; 9                           ;
;     ENA SLD           ; 8                           ;
;     SCLR              ; 36                          ;
;     SLD               ; 1                           ;
;     plain             ; 32                          ;
; arriav_lcell_comb     ; 87                          ;
;     arith             ; 32                          ;
;         1 data inputs ; 32                          ;
;     normal            ; 55                          ;
;         1 data inputs ; 1                           ;
;         2 data inputs ; 2                           ;
;         3 data inputs ; 6                           ;
;         4 data inputs ; 21                          ;
;         5 data inputs ; 12                          ;
;         6 data inputs ; 13                          ;
; boundary_port         ; 25                          ;
;                       ;                             ;
; Max LUT depth         ; 4.10                        ;
; Average LUT depth     ; 2.10                        ;
+-----------------------+-----------------------------+


+-------------------------------+
; Elapsed Time Per Partition    ;
+----------------+--------------+
; Partition Name ; Elapsed Time ;
+----------------+--------------+
; Top            ; 00:00:00     ;
+----------------+--------------+


+-------------------------------+
; Analysis & Synthesis Messages ;
+-------------------------------+
Info: *******************************************************************
Info: Running Quartus Prime Analysis & Synthesis
    Info: Version 17.1.0 Build 590 10/25/2017 SJ Standard Edition
    Info: Processing started: Sun Mar 04 22:33:13 2018
Info: Command: quartus_map --read_settings_files=on --write_settings_files=off networkHardware -c networkHardware
Warning (18236): Number of processors has not been specified which may cause overloading on shared machines.  Set the global assignment NUM_PARALLEL_PROCESSORS in your QSF to an appropriate value for best performance.
Info (20030): Parallel compilation is enabled and will use 4 of the 4 processors detected
Info (12021): Found 2 design units, including 2 entities, in source file keyholder.v
    Info (12023): Found entity 1: keyHolder File: C:/Users/alexrkas/Desktop/EE371/Lab4/keyHolder.v Line: 1
    Info (12023): Found entity 2: keyHolder_testbench File: C:/Users/alexrkas/Desktop/EE371/Lab4/keyHolder.v Line: 20
Info (12021): Found 1 design units, including 1 entities, in source file s2p.v
    Info (12023): Found entity 1: s2p File: C:/Users/alexrkas/Desktop/EE371/Lab4/s2p.v Line: 1
Info (12021): Found 1 design units, including 1 entities, in source file p2s.v
    Info (12023): Found entity 1: p2s File: C:/Users/alexrkas/Desktop/EE371/Lab4/p2s.v Line: 1
Info (12021): Found 2 design units, including 2 entities, in source file networkhardware.v
    Info (12023): Found entity 1: networkHardware File: C:/Users/alexrkas/Desktop/EE371/Lab4/networkHardware.v Line: 1
    Info (12023): Found entity 2: networkHardware_testbench File: C:/Users/alexrkas/Desktop/EE371/Lab4/networkHardware.v Line: 26
Info (12021): Found 1 design units, including 1 entities, in source file bitsamplecount.v
    Info (12023): Found entity 1: bitSampleCount File: C:/Users/alexrkas/Desktop/EE371/Lab4/bitSampleCount.v Line: 1
Info (12021): Found 1 design units, including 1 entities, in source file bitidentifiercount.v
    Info (12023): Found entity 1: bitIdentifierCount File: C:/Users/alexrkas/Desktop/EE371/Lab4/bitIdentifierCount.v Line: 1
Info (12021): Found 1 design units, including 1 entities, in source file startbitdetect.v
    Info (12023): Found entity 1: startBitDetect File: C:/Users/alexrkas/Desktop/EE371/Lab4/startBitDetect.v Line: 3
Info (12021): Found 2 design units, including 2 entities, in source file toplevel.v
    Info (12023): Found entity 1: topLevel File: C:/Users/alexrkas/Desktop/EE371/Lab4/topLevel.v Line: 1
    Info (12023): Found entity 2: topLevel_testbench File: C:/Users/alexrkas/Desktop/EE371/Lab4/topLevel.v Line: 33
Info (12021): Found 1 design units, including 1 entities, in source file loadholder.v
    Info (12023): Found entity 1: loadHolder File: C:/Users/alexrkas/Desktop/EE371/Lab4/loadHolder.v Line: 1
Info (12127): Elaborating entity "topLevel" for the top level hierarchy
Info (12128): Elaborating entity "keyHolder" for hierarchy "keyHolder:resetKey" File: C:/Users/alexrkas/Desktop/EE371/Lab4/topLevel.v Line: 28
Info (12128): Elaborating entity "networkHardware" for hierarchy "networkHardware:UART" File: C:/Users/alexrkas/Desktop/EE371/Lab4/topLevel.v Line: 30
Info (12128): Elaborating entity "loadHolder" for hierarchy "networkHardware:UART|loadHolder:holdLoad" File: C:/Users/alexrkas/Desktop/EE371/Lab4/networkHardware.v Line: 15
Info (12128): Elaborating entity "bitIdentifierCount" for hierarchy "networkHardware:UART|bitIdentifierCount:outDataBIC" File: C:/Users/alexrkas/Desktop/EE371/Lab4/networkHardware.v Line: 16
Info (12128): Elaborating entity "bitSampleCount" for hierarchy "networkHardware:UART|bitSampleCount:outDataBSC" File: C:/Users/alexrkas/Desktop/EE371/Lab4/networkHardware.v Line: 17
Info (12128): Elaborating entity "p2s" for hierarchy "networkHardware:UART|p2s:dataOut" File: C:/Users/alexrkas/Desktop/EE371/Lab4/networkHardware.v Line: 18
Info (12128): Elaborating entity "s2p" for hierarchy "networkHardware:UART|s2p:dataIn" File: C:/Users/alexrkas/Desktop/EE371/Lab4/networkHardware.v Line: 20
Info (12128): Elaborating entity "startBitDetect" for hierarchy "networkHardware:UART|startBitDetect:detector" File: C:/Users/alexrkas/Desktop/EE371/Lab4/networkHardware.v Line: 23
Info (286030): Timing-Driven Synthesis is running
Info (16010): Generating hard_block partition "hard_block:auto_generated_inst"
    Info (16011): Adding 0 node(s), including 0 DDIO, 0 PLL, 0 transceiver and 0 LCELL
Info (21057): Implemented 129 device resources after synthesis - the final resource count might be different
    Info (21058): Implemented 14 input pins
    Info (21059): Implemented 11 output pins
    Info (21061): Implemented 104 logic cells
Info: Quartus Prime Analysis & Synthesis was successful. 0 errors, 1 warning
    Info: Peak virtual memory: 784 megabytes
    Info: Processing ended: Sun Mar 04 22:33:24 2018
    Info: Elapsed time: 00:00:11
    Info: Total CPU time (on all processors): 00:00:23


